<?xml version="1.0" encoding="UTF-8"?>
<!-- Generated by org.testng.reporters.JUnitXMLReporter -->
<testsuite ignored="0" hostname="Krishna" failures="1" tests="4" name="Login Page Test" time="27.886" errors="0" timestamp="2026-03-24T21:05:29 MDT">
  <testcase classname="com.opencart.qa.tests.LoginPageTest" name="forgotPwdLinkExistTest" time="0.234"/>
  <testcase classname="com.opencart.qa.tests.LoginPageTest" name="loginPageTitleTest" time="5.351">
    <failure type="java.lang.AssertionError" message="expected [Account Login11] but found [Account Login]">
      <![CDATA[java.lang.AssertionError: expected [Account Login11] but found [Account Login]
at com.opencart.qa.tests.LoginPageTest.loginPageTitleTest(LoginPageTest.java:27)
at java.base/java.util.ArrayList.forEach(ArrayList.java:1511)
at java.base/java.util.concurrent.FutureTask.run(FutureTask.java:264)
at java.base/java.util.concurrent.ThreadPoolExecutor.runWorker(ThreadPoolExecutor.java:1136)
at java.base/java.util.concurrent.ThreadPoolExecutor$Worker.run(ThreadPoolExecutor.java:635)
at java.base/java.lang.Thread.run(Thread.java:833)
... Removed 23 stack frames]]>
    </failure>
  </testcase> <!-- loginPageTitleTest -->
  <testcase classname="com.opencart.qa.tests.LoginPageTest" name="loginPageURLTest" time="0.04"/>
  <testcase classname="com.opencart.qa.tests.LoginPageTest" name="loginTest" time="3.565"/>
</testsuite> <!-- Login Page Test -->
