<?xml version="1.0" encoding="UTF-8"?>
<testng-results ignored="0" total="4" passed="3" failed="1" skipped="0">
  <reporter-output>
  </reporter-output>
  <suite started-at="2026-03-24T21:05:01 MDT" name="Open Cart Test Regression Suite" finished-at="2026-03-24T21:05:29 MDT" duration-ms="27886">
    <groups>
    </groups>
    <test started-at="2026-03-24T21:05:01 MDT" name="Login Page Test" finished-at="2026-03-24T21:05:29 MDT" duration-ms="27886">
      <class name="com.opencart.qa.tests.LoginPageTest">
        <test-method is-config="true" signature="setup(java.lang.String)[pri:0, instance:com.opencart.qa.tests.LoginPageTest@53a84ff4]" started-at="2026-03-24T21:05:01 MDT" name="setup" finished-at="2026-03-24T21:05:18 MDT" duration-ms="16942" status="PASS">
          <params>
            <param index="0">
              <value>
                <![CDATA[chrome]]>
              </value>
            </param>
          </params>
          <reporter-output>
          </reporter-output>
        </test-method> <!-- setup -->
        <test-method signature="forgotPwdLinkExistTest()[pri:0, instance:com.opencart.qa.tests.LoginPageTest@53a84ff4]" started-at="2026-03-24T21:05:18 MDT" name="forgotPwdLinkExistTest" finished-at="2026-03-24T21:05:18 MDT" duration-ms="234" status="PASS">
          <reporter-output>
          </reporter-output>
        </test-method> <!-- forgotPwdLinkExistTest -->
        <test-method is-config="true" signature="attachScreenshot(org.testng.ITestResult)[pri:0, instance:com.opencart.qa.tests.LoginPageTest@53a84ff4]" started-at="2026-03-24T21:05:19 MDT" name="attachScreenshot" finished-at="2026-03-24T21:05:19 MDT" duration-ms="3" status="PASS">
          <params>
            <param index="0">
              <value>
                <![CDATA[[TestResult name=forgotPwdLinkExistTest status=SUCCESS method=LoginPageTest.forgotPwdLinkExistTest()[pri:0, instance:com.opencart.qa.tests.LoginPageTest@53a84ff4] output={null}]]]>
              </value>
            </param>
          </params>
          <reporter-output>
          </reporter-output>
        </test-method> <!-- attachScreenshot -->
        <test-method signature="loginPageTitleTest()[pri:0, instance:com.opencart.qa.tests.LoginPageTest@53a84ff4]" started-at="2026-03-24T21:05:19 MDT" name="loginPageTitleTest" finished-at="2026-03-24T21:05:24 MDT" duration-ms="5351" status="FAIL">
          <exception class="java.lang.AssertionError">
            <message>
              <![CDATA[expected [Account Login11] but found [Account Login]]]>
            </message>
            <full-stacktrace>
              <![CDATA[java.lang.AssertionError: expected [Account Login11] but found [Account Login]
at org.testng.Assert.fail(Assert.java:110)
at org.testng.Assert.failNotEquals(Assert.java:1413)
at org.testng.Assert.assertEqualsImpl(Assert.java:149)
at org.testng.Assert.assertEquals(Assert.java:131)
at org.testng.Assert.assertEquals(Assert.java:655)
at org.testng.Assert.assertEquals(Assert.java:665)
at com.opencart.qa.tests.LoginPageTest.loginPageTitleTest(LoginPageTest.java:27)
at java.base/jdk.internal.reflect.NativeMethodAccessorImpl.invoke0(Native Method)
at java.base/jdk.internal.reflect.NativeMethodAccessorImpl.invoke(NativeMethodAccessorImpl.java:77)
at java.base/jdk.internal.reflect.DelegatingMethodAccessorImpl.invoke(DelegatingMethodAccessorImpl.java:43)
at java.base/java.lang.reflect.Method.invoke(Method.java:568)
at org.testng.internal.invokers.MethodInvocationHelper.invokeMethod(MethodInvocationHelper.java:139)
at org.testng.internal.invokers.TestInvoker.invokeMethod(TestInvoker.java:677)
at org.testng.internal.invokers.TestInvoker.invokeTestMethod(TestInvoker.java:221)
at org.testng.internal.invokers.MethodRunner.runInSequence(MethodRunner.java:50)
at org.testng.internal.invokers.TestInvoker$MethodInvocationAgent.invoke(TestInvoker.java:969)
at org.testng.internal.invokers.TestInvoker.invokeTestMethods(TestInvoker.java:194)
at org.testng.internal.invokers.TestMethodWorker.invokeTestMethods(TestMethodWorker.java:148)
at org.testng.internal.invokers.TestMethodWorker.run(TestMethodWorker.java:128)
at java.base/java.util.ArrayList.forEach(ArrayList.java:1511)
at org.testng.TestRunner.privateRun(TestRunner.java:829)
at org.testng.TestRunner.run(TestRunner.java:602)
at org.testng.SuiteRunner.runTest(SuiteRunner.java:437)
at org.testng.SuiteRunner$SuiteWorker.run(SuiteRunner.java:475)
at org.testng.internal.thread.ThreadUtil.lambda$execute$0(ThreadUtil.java:58)
at java.base/java.util.concurrent.FutureTask.run(FutureTask.java:264)
at java.base/java.util.concurrent.ThreadPoolExecutor.runWorker(ThreadPoolExecutor.java:1136)
at java.base/java.util.concurrent.ThreadPoolExecutor$Worker.run(ThreadPoolExecutor.java:635)
at java.base/java.lang.Thread.run(Thread.java:833)
]]>
            </full-stacktrace>
          </exception> <!-- java.lang.AssertionError -->
          <reporter-output>
          </reporter-output>
        </test-method> <!-- loginPageTitleTest -->
        <test-method is-config="true" signature="attachScreenshot(org.testng.ITestResult)[pri:0, instance:com.opencart.qa.tests.LoginPageTest@53a84ff4]" started-at="2026-03-24T21:05:24 MDT" name="attachScreenshot" finished-at="2026-03-24T21:05:24 MDT" duration-ms="176" status="PASS">
          <params>
            <param index="0">
              <value>
                <![CDATA[[TestResult name=loginPageTitleTest status=FAILURE method=LoginPageTest.loginPageTitleTest()[pri:0, instance:com.opencart.qa.tests.LoginPageTest@53a84ff4] output={null}]]]>
              </value>
            </param>
          </params>
          <reporter-output>
          </reporter-output>
        </test-method> <!-- attachScreenshot -->
        <test-method signature="loginPageURLTest()[pri:0, instance:com.opencart.qa.tests.LoginPageTest@53a84ff4]" started-at="2026-03-24T21:05:24 MDT" name="loginPageURLTest" finished-at="2026-03-24T21:05:24 MDT" duration-ms="40" status="PASS">
          <reporter-output>
          </reporter-output>
        </test-method> <!-- loginPageURLTest -->
        <test-method is-config="true" signature="attachScreenshot(org.testng.ITestResult)[pri:0, instance:com.opencart.qa.tests.LoginPageTest@53a84ff4]" started-at="2026-03-24T21:05:24 MDT" name="attachScreenshot" finished-at="2026-03-24T21:05:24 MDT" duration-ms="2" status="PASS">
          <params>
            <param index="0">
              <value>
                <![CDATA[[TestResult name=loginPageURLTest status=SUCCESS method=LoginPageTest.loginPageURLTest()[pri:0, instance:com.opencart.qa.tests.LoginPageTest@53a84ff4] output={null}]]]>
              </value>
            </param>
          </params>
          <reporter-output>
          </reporter-output>
        </test-method> <!-- attachScreenshot -->
        <test-method signature="loginTest()[pri:2147483647, instance:com.opencart.qa.tests.LoginPageTest@53a84ff4]" started-at="2026-03-24T21:05:24 MDT" name="loginTest" finished-at="2026-03-24T21:05:28 MDT" duration-ms="3565" status="PASS">
          <reporter-output>
          </reporter-output>
        </test-method> <!-- loginTest -->
        <test-method is-config="true" signature="attachScreenshot(org.testng.ITestResult)[pri:0, instance:com.opencart.qa.tests.LoginPageTest@53a84ff4]" started-at="2026-03-24T21:05:28 MDT" name="attachScreenshot" finished-at="2026-03-24T21:05:28 MDT" duration-ms="2" status="PASS">
          <params>
            <param index="0">
              <value>
                <![CDATA[[TestResult name=loginTest status=SUCCESS method=LoginPageTest.loginTest()[pri:2147483647, instance:com.opencart.qa.tests.LoginPageTest@53a84ff4] output={null}]]]>
              </value>
            </param>
          </params>
          <reporter-output>
          </reporter-output>
        </test-method> <!-- attachScreenshot -->
        <test-method is-config="true" signature="tearDown()[pri:0, instance:com.opencart.qa.tests.LoginPageTest@53a84ff4]" started-at="2026-03-24T21:05:28 MDT" name="tearDown" finished-at="2026-03-24T21:05:29 MDT" duration-ms="975" status="PASS">
          <reporter-output>
          </reporter-output>
        </test-method> <!-- tearDown -->
      </class> <!-- com.opencart.qa.tests.LoginPageTest -->
    </test> <!-- Login Page Test -->
  </suite> <!-- Open Cart Test Regression Suite -->
</testng-results>
